<?xml version="1.0" encoding="UTF-8" ?>
<testsuite tests="1" failures="0" errors="0" skipped="0" time="0.000" name="module 'cc_file_poller'">
  <testcase time="0.014" name="cc_file_poller:get_parameter_test/0_0" description="module 'cc_file_poller'"/>
</testsuite>
