<?xml version="1.0" encoding="UTF-8" ?>
<testsuite tests="1" failures="0" errors="0" skipped="0" time="0.000" name="module 'svnbootloader'">
  <testcase time="0.000" name="svnbootloader:get_revision_test/0_0" description="module 'svnbootloader'"/>
</testsuite>
